This is XeTeX, Version 3.14159265-2.6-0.999991 (TeX Live 2019) (preloaded format=xelatex 2019.9.8)  19 OCT 2019 16:16
entering extended mode
 restricted \write18 enabled.
 file:line:error style messages enabled.
 %&-line parsing enabled.
**assignment1.tex
(./assignment1.tex
LaTeX2e <2018-12-01>
(/usr/local/texlive/2019/texmf-dist/tex/latex/base/article.cls
Document Class: article 2018/09/03 v1.4i Standard LaTeX document class
(/usr/local/texlive/2019/texmf-dist/tex/latex/base/size10.clo
File: size10.clo 2018/09/03 v1.4i Standard LaTeX file (size option)
)
\c@part=\count80
\c@section=\count81
\c@subsection=\count82
\c@subsubsection=\count83
\c@paragraph=\count84
\c@subparagraph=\count85
\c@figure=\count86
\c@table=\count87
\abovecaptionskip=\skip41
\belowcaptionskip=\skip42
\bibindent=\dimen102
)
(/usr/local/texlive/2019/texmf-dist/tex/latex/base/inputenc.sty
Package: inputenc 2018/08/11 v1.3c Input encoding file
\inpenc@prehook=\toks14
\inpenc@posthook=\toks15


Package inputenc Warning: inputenc package ignored with utf8 based engines.

) (/usr/local/texlive/2019/texmf-dist/tex/xelatex/xecjk/xeCJK.sty
(/usr/local/texlive/2019/texmf-dist/tex/latex/l3kernel/expl3.sty
Package: expl3 2019-09-05 L3 programming layer (loader) 

(/usr/local/texlive/2019/texmf-dist/tex/latex/l3kernel/expl3-code.tex
Package: expl3 2019-09-05 L3 programming layer (code)
\c_max_int=\count88
\l_tmpa_int=\count89
\l_tmpb_int=\count90
\g_tmpa_int=\count91
\g_tmpb_int=\count92
\g__kernel_prg_map_int=\count93
\c__ior_term_noprompt_ior=\count94
\c_log_iow=\count95
\l_iow_line_count_int=\count96
\l__iow_line_target_int=\count97
\l__iow_one_indent_int=\count98
\l__iow_indent_int=\count99
\c_zero_dim=\dimen103
\c_max_dim=\dimen104
\l_tmpa_dim=\dimen105
\l_tmpb_dim=\dimen106
\g_tmpa_dim=\dimen107
\g_tmpb_dim=\dimen108
\c_zero_skip=\skip43
\c_max_skip=\skip44
\l_tmpa_skip=\skip45
\l_tmpb_skip=\skip46
\g_tmpa_skip=\skip47
\g_tmpb_skip=\skip48
\c_zero_muskip=\muskip10
\c_max_muskip=\muskip11
\l_tmpa_muskip=\muskip12
\l_tmpb_muskip=\muskip13
\g_tmpa_muskip=\muskip14
\g_tmpb_muskip=\muskip15
\l_keys_choice_int=\count100
\l__intarray_loop_int=\count101
\c__intarray_sp_dim=\dimen109
\g__intarray_font_int=\count102
\c__fp_leading_shift_int=\count103
\c__fp_middle_shift_int=\count104
\c__fp_trailing_shift_int=\count105
\c__fp_big_leading_shift_int=\count106
\c__fp_big_middle_shift_int=\count107
\c__fp_big_trailing_shift_int=\count108
\c__fp_Bigg_leading_shift_int=\count109
\c__fp_Bigg_middle_shift_int=\count110
\c__fp_Bigg_trailing_shift_int=\count111
\g__fp_array_int=\count112
\l__fp_array_loop_int=\count113
\l__sort_length_int=\count114
\l__sort_min_int=\count115
\l__sort_top_int=\count116
\l__sort_max_int=\count117
\l__sort_true_max_int=\count118
\l__sort_block_int=\count119
\l__sort_begin_int=\count120
\l__sort_end_int=\count121
\l__sort_A_int=\count122
\l__sort_B_int=\count123
\l__sort_C_int=\count124
\l__str_internal_int=\count125
\l__tl_analysis_normal_int=\count126
\l__tl_analysis_index_int=\count127
\l__tl_analysis_nesting_int=\count128
\l__tl_analysis_type_int=\count129
\l__regex_internal_a_int=\count130
\l__regex_internal_b_int=\count131
\l__regex_internal_c_int=\count132
\l__regex_balance_int=\count133
\l__regex_group_level_int=\count134
\l__regex_mode_int=\count135
\c__regex_cs_in_class_mode_int=\count136
\c__regex_cs_mode_int=\count137
\l__regex_catcodes_int=\count138
\l__regex_default_catcodes_int=\count139
\c__regex_catcode_L_int=\count140
\c__regex_catcode_O_int=\count141
\c__regex_catcode_A_int=\count142
\c__regex_all_catcodes_int=\count143
\l__regex_show_lines_int=\count144
\l__regex_min_state_int=\count145
\l__regex_max_state_int=\count146
\l__regex_left_state_int=\count147
\l__regex_right_state_int=\count148
\l__regex_capturing_group_int=\count149
\l__regex_min_pos_int=\count150
\l__regex_max_pos_int=\count151
\l__regex_curr_pos_int=\count152
\l__regex_start_pos_int=\count153
\l__regex_success_pos_int=\count154
\l__regex_curr_char_int=\count155
\l__regex_curr_catcode_int=\count156
\l__regex_last_char_int=\count157
\l__regex_case_changed_char_int=\count158
\l__regex_curr_state_int=\count159
\l__regex_step_int=\count160
\l__regex_min_active_int=\count161
\l__regex_max_active_int=\count162
\l__regex_replacement_csnames_int=\count163
\l__regex_match_count_int=\count164
\l__regex_min_submatch_int=\count165
\l__regex_submatch_int=\count166
\l__regex_zeroth_submatch_int=\count167
\g__regex_trace_regex_int=\count168
\c_empty_box=\box27
\l_tmpa_box=\box28
\l_tmpb_box=\box29
\g_tmpa_box=\box30
\g_tmpb_box=\box31
\l__box_top_dim=\dimen110
\l__box_bottom_dim=\dimen111
\l__box_left_dim=\dimen112
\l__box_right_dim=\dimen113
\l__box_top_new_dim=\dimen114
\l__box_bottom_new_dim=\dimen115
\l__box_left_new_dim=\dimen116
\l__box_right_new_dim=\dimen117
\l__box_internal_box=\box32
\l__coffin_internal_box=\box33
\l__coffin_internal_dim=\dimen118
\l__coffin_offset_x_dim=\dimen119
\l__coffin_offset_y_dim=\dimen120
\l__coffin_x_dim=\dimen121
\l__coffin_y_dim=\dimen122
\l__coffin_x_prime_dim=\dimen123
\l__coffin_y_prime_dim=\dimen124
\c_empty_coffin=\box34
\l__coffin_aligned_coffin=\box35
\l__coffin_aligned_internal_coffin=\box36
\l_tmpa_coffin=\box37
\l_tmpb_coffin=\box38
\g_tmpa_coffin=\box39
\g_tmpb_coffin=\box40
\l__coffin_bounding_shift_dim=\dimen125
\l__coffin_left_corner_dim=\dimen126
\l__coffin_right_corner_dim=\dimen127
\l__coffin_bottom_corner_dim=\dimen128
\l__coffin_top_corner_dim=\dimen129
\l__coffin_scaled_total_height_dim=\dimen130
\l__coffin_scaled_width_dim=\dimen131
\c__coffin_empty_coffin=\box41
\l__coffin_display_coffin=\box42
\l__coffin_display_coord_coffin=\box43
\l__coffin_display_pole_coffin=\box44
\l__coffin_display_offset_dim=\dimen132
\l__coffin_display_x_dim=\dimen133
\l__coffin_display_y_dim=\dimen134
\g__char_data_ior=\read1
\l__seq_internal_a_int=\count169
\l__seq_internal_b_int=\count170
)
(/usr/local/texlive/2019/texmf-dist/tex/latex/l3backend/l3backend-xdvipdfmx.def
File: l3backend-xdvipdfmx.def 2019-04-06 v L3 backend support: xdvipdfmx
\g__graphics_track_int=\count171
\l__pdf_internal_box=\box45
\g__pdf_backend_object_int=\count172
\g__pdf_backend_annotation_int=\count173
))
Package: xeCJK 2019/06/02 v3.7.4 Typesetting CJK scripts with XeLaTeX

(/usr/local/texlive/2019/texmf-dist/tex/latex/l3packages/xtemplate/xtemplate.st
y
Package: xtemplate 2019-05-28 L3 Experimental prototype document functions
\l__xtemplate_tmp_dim=\dimen135
\l__xtemplate_tmp_int=\count174
\l__xtemplate_tmp_muskip=\muskip16
\l__xtemplate_tmp_skip=\skip49
) (/usr/local/texlive/2019/texmf-dist/tex/latex/l3packages/xparse/xparse.sty
Package: xparse 2019-05-28 L3 Experimental document command parser
\l__xparse_current_arg_int=\count175
\g__xparse_grabber_int=\count176
\l__xparse_m_args_int=\count177
\l__xparse_v_nesting_int=\count178
)
(/usr/local/texlive/2019/texmf-dist/tex/latex/l3packages/l3keys2e/l3keys2e.sty
Package: l3keys2e 2019-05-28 LaTeX2e option processing using LaTeX3 keys
)
\l__xeCJK_tmp_int=\count179
\l__xeCJK_tmp_box=\box46
\l__xeCJK_tmp_dim=\dimen136
\l__xeCJK_tmp_skip=\skip50
\g__xeCJK_space_factor_int=\count180
\l__xeCJK_begin_int=\count181
\l__xeCJK_end_int=\count182
\c__xeCJK_CJK_class_int=\XeTeXcharclass1
\c__xeCJK_FullLeft_class_int=\XeTeXcharclass2
\c__xeCJK_FullRight_class_int=\XeTeXcharclass3
\c__xeCJK_HalfLeft_class_int=\XeTeXcharclass4
\c__xeCJK_HalfRight_class_int=\XeTeXcharclass5
\c__xeCJK_NormalSpace_class_int=\XeTeXcharclass6
\c__xeCJK_CM_class_int=\XeTeXcharclass7
\c__xeCJK_HangulJamo_class_int=\XeTeXcharclass8
\l__xeCJK_last_skip=\skip51
\g__xeCJK_node_int=\count183
\c__xeCJK_CJK_node_dim=\dimen137
\c__xeCJK_CJK-space_node_dim=\dimen138
\c__xeCJK_default_node_dim=\dimen139
\c__xeCJK_default-space_node_dim=\dimen140
\c__xeCJK_CJK-widow_node_dim=\dimen141
\c__xeCJK_normalspace_node_dim=\dimen142
\l__xeCJK_ccglue_skip=\skip52
\l__xeCJK_ecglue_skip=\skip53
\l__xeCJK_punct_kern_skip=\skip54
\l__xeCJK_last_penalty_int=\count184
\l__xeCJK_last_bound_dim=\dimen143
\l__xeCJK_last_kern_dim=\dimen144
\l__xeCJK_widow_penalty_int=\count185

Package xtemplate Info: Declaring object type 'xeCJK/punctuation' taking 0
(xtemplate)             argument(s) on line 2323.

\l__xeCJK_fixed_punct_width_dim=\dimen145
\l__xeCJK_mixed_punct_width_dim=\dimen146
\l__xeCJK_middle_punct_width_dim=\dimen147
\l__xeCJK_fixed_margin_width_dim=\dimen148
\l__xeCJK_mixed_margin_width_dim=\dimen149
\l__xeCJK_middle_margin_width_dim=\dimen150
\l__xeCJK_bound_punct_width_dim=\dimen151
\l__xeCJK_bound_margin_width_dim=\dimen152
\l__xeCJK_margin_minimum_dim=\dimen153
\l__xeCJK_kerning_total_width_dim=\dimen154
\l__xeCJK_same_align_margin_dim=\dimen155
\l__xeCJK_different_align_margin_dim=\dimen156
\l__xeCJK_kerning_margin_width_dim=\dimen157
\l__xeCJK_kerning_margin_minimum_dim=\dimen158
\l__xeCJK_bound_dim=\dimen159
\l__xeCJK_reverse_bound_dim=\dimen160
\l__xeCJK_margin_dim=\dimen161
\l__xeCJK_minimum_bound_dim=\dimen162
\l__xeCJK_kerning_margin_dim=\dimen163
\g__xeCJK_family_int=\count186
\l__xeCJK_fam_int=\count187
\g__xeCJK_fam_allocation_int=\count188
\l__xeCJK_verb_case_int=\count189
\l__xeCJK_verb_exspace_skip=\skip55
(/usr/local/texlive/2019/texmf-dist/tex/latex/fontspec/fontspec.sty
Package: fontspec 2019/03/15 v2.7c Font selection for XeLaTeX and LuaLaTeX

(/usr/local/texlive/2019/texmf-dist/tex/latex/fontspec/fontspec-xetex.sty
Package: fontspec-xetex 2019/03/15 v2.7c Font selection for XeLaTeX and LuaLaTe
X
\l__fontspec_script_int=\count190
\l__fontspec_language_int=\count191
\l__fontspec_strnum_int=\count192
\l__fontspec_tmp_int=\count193
\l__fontspec_tmpa_int=\count194
\l__fontspec_tmpb_int=\count195
\l__fontspec_tmpc_int=\count196
\l__fontspec_em_int=\count197
\l__fontspec_emdef_int=\count198
\l__fontspec_strong_int=\count199
\l__fontspec_strongdef_int=\count266
\l__fontspec_tmpa_dim=\dimen164
\l__fontspec_tmpb_dim=\dimen165
\l__fontspec_tmpc_dim=\dimen166

(/usr/local/texlive/2019/texmf-dist/tex/latex/base/fontenc.sty
Package: fontenc 2018/08/11 v2.0j Standard LaTeX package

(/usr/local/texlive/2019/texmf-dist/tex/latex/base/tuenc.def
File: tuenc.def 2018/08/11 v2.0j Standard LaTeX file
LaTeX Font Info:    Redeclaring font encoding TU on input line 82.
))
(/usr/local/texlive/2019/texmf-dist/tex/latex/fontspec/fontspec.cfg)
LaTeX Info: Redefining \itshape on input line 4051.
LaTeX Info: Redefining \slshape on input line 4056.
LaTeX Info: Redefining \scshape on input line 4061.
LaTeX Info: Redefining \upshape on input line 4066.
LaTeX Info: Redefining \em on input line 4096.
LaTeX Info: Redefining \emph on input line 4121.
))
(/usr/local/texlive/2019/texmf-dist/tex/xelatex/xecjk/xeCJK.cfg
File: xeCJK.cfg 2019/06/02 v3.7.4 Configuration file for xeCJK package
))
(/usr/local/texlive/2019/texmf-dist/tex/latex/listings/listings.sty
(/usr/local/texlive/2019/texmf-dist/tex/latex/graphics/keyval.sty
Package: keyval 2014/10/28 v1.15 key=value parser (DPC)
\KV@toks@=\toks16
)
\lst@mode=\count267
\lst@gtempboxa=\box47
\lst@token=\toks17
\lst@length=\count268
\lst@currlwidth=\dimen167
\lst@column=\count269
\lst@pos=\count270
\lst@lostspace=\dimen168
\lst@width=\dimen169
\lst@newlines=\count271
\lst@lineno=\count272
\lst@maxwidth=\dimen170

(/usr/local/texlive/2019/texmf-dist/tex/latex/listings/lstmisc.sty
File: lstmisc.sty 2019/02/27 1.8b (Carsten Heinz)
\c@lstnumber=\count273
\lst@skipnumbers=\count274
\lst@framebox=\box48
)
(/usr/local/texlive/2019/texmf-dist/tex/latex/listings/listings.cfg
File: listings.cfg 2019/02/27 1.8b listings configuration
))
Package: listings 2019/02/27 1.8b (Carsten Heinz)

Package fontspec Info: Could not resolve font "Monaco/BI" (it probably doesn't
(fontspec)             exist).


Package fontspec Info: Could not resolve font "Monaco/B" (it probably doesn't
(fontspec)             exist).


Package fontspec Info: Could not resolve font "Monaco/I" (it probably doesn't
(fontspec)             exist).


Package fontspec Info: Font family 'Monaco(0)' created for font 'Monaco' with
(fontspec)             options
(fontspec)             [WordSpace={1,0,0},HyphenChar=None,PunctuationSpace=Word
Space].
(fontspec)              
(fontspec)              This font family consists of the following NFSS
(fontspec)             series/shapes:
(fontspec)              
(fontspec)             - 'normal' (m/n) with NFSS spec.: <->"Monaco/AAT"
(fontspec)             - 'small caps'  (m/sc) with NFSS spec.: 
(fontspec)             and font adjustment code:
(fontspec)             \fontdimen 2\font =1\fontdimen 2\font \fontdimen 3\font
(fontspec)             =0\fontdimen 3\font \fontdimen 4\font =0\fontdimen
(fontspec)             4\font \fontdimen 7\font =0\fontdimen 2\font
(fontspec)             \tex_hyphenchar:D \font =-1\scan_stop: 

LaTeX Info: Redefining \ttfamily on input line 12.

(/usr/local/texlive/2019/texmf-dist/tex/latex/tools/indentfirst.sty
Package: indentfirst 1995/11/23 v1.03 Indent first paragraph (DPC)
)

Package fontspec Info: Could not resolve font "Monaco/BI" (it probably doesn't
(fontspec)             exist).


Package fontspec Info: Could not resolve font "Monaco/B" (it probably doesn't
(fontspec)             exist).


Package fontspec Info: Could not resolve font "Monaco/I" (it probably doesn't
(fontspec)             exist).


Package fontspec Info: Font family 'Monaco(1)' created for font 'Monaco' with
(fontspec)             options [].
(fontspec)              
(fontspec)              This font family consists of the following NFSS
(fontspec)             series/shapes:
(fontspec)              
(fontspec)             - 'normal' (m/n) with NFSS spec.: <->"Monaco/AAT"
(fontspec)             - 'small caps'  (m/sc) with NFSS spec.: 



Package xeCJK Warning: Fandol is being set as the default font for CJK text.
(xeCJK)                Please make sure it has been properly installed.


Package fontspec Warning: Font "FandolSong-Regular" does not contain requested
(fontspec)                Script "CJK".


Package fontspec Info: Font family 'FandolSong-Regular(0)' created for font
(fontspec)             'FandolSong-Regular' with options
(fontspec)             [Script={CJK},Extension={.otf},BoldFont={FandolSong-Bold
},ItalicFont={FandolKai-Regular}].
(fontspec)              
(fontspec)              This font family consists of the following NFSS
(fontspec)             series/shapes:
(fontspec)              
(fontspec)             - 'normal' (m/n) with NFSS spec.:
(fontspec)             <->"[FandolSong-Regular.otf]/OT"
(fontspec)             - 'small caps'  (m/sc) with NFSS spec.: 
(fontspec)             - 'bold' (bx/n) with NFSS spec.:
(fontspec)             <->"[FandolSong-Bold.otf]/OT"
(fontspec)             - 'bold small caps'  (bx/sc) with NFSS spec.: 
(fontspec)             - 'italic' (m/it) with NFSS spec.:
(fontspec)             <->"[FandolKai-Regular.otf]/OT"
(fontspec)             - 'italic small caps'  (m/itsc) with NFSS spec.: 

(/usr/local/texlive/2019/texmf-dist/tex/xelatex/xecjk/xeCJK-listings.sty
Package: xeCJK-listings 2019/06/02 v3.7.4 xeCJK patch file for listings
\l__xeCJK_listings_max_char_int=\count275
\l__xeCJK_listings_flag_int=\count276
)
(./assignment1.aux)
\openout1 = `assignment1.aux'.

LaTeX Font Info:    Checking defaults for OML/cmm/m/it on input line 21.
LaTeX Font Info:    ... okay on input line 21.
LaTeX Font Info:    Checking defaults for T1/cmr/m/n on input line 21.
LaTeX Font Info:    ... okay on input line 21.
LaTeX Font Info:    Checking defaults for OT1/cmr/m/n on input line 21.
LaTeX Font Info:    ... okay on input line 21.
LaTeX Font Info:    Checking defaults for OMS/cmsy/m/n on input line 21.
LaTeX Font Info:    ... okay on input line 21.
LaTeX Font Info:    Checking defaults for TU/lmr/m/n on input line 21.
LaTeX Font Info:    ... okay on input line 21.
LaTeX Font Info:    Checking defaults for OMX/cmex/m/n on input line 21.
LaTeX Font Info:    ... okay on input line 21.
LaTeX Font Info:    Checking defaults for U/cmr/m/n on input line 21.
LaTeX Font Info:    ... okay on input line 21.

Package fontspec Info: Adjusting the maths setup (use [no-math] to avoid
(fontspec)             this).

\symlegacymaths=\mathgroup4
LaTeX Font Info:    Overwriting symbol font `legacymaths' in version `bold'
(Font)                  OT1/cmr/m/n --> OT1/cmr/bx/n on input line 21.
LaTeX Font Info:    Redeclaring math accent \acute on input line 21.
LaTeX Font Info:    Redeclaring math accent \grave on input line 21.
LaTeX Font Info:    Redeclaring math accent \ddot on input line 21.
LaTeX Font Info:    Redeclaring math accent \tilde on input line 21.
LaTeX Font Info:    Redeclaring math accent \bar on input line 21.
LaTeX Font Info:    Redeclaring math accent \breve on input line 21.
LaTeX Font Info:    Redeclaring math accent \check on input line 21.
LaTeX Font Info:    Redeclaring math accent \hat on input line 21.
LaTeX Font Info:    Redeclaring math accent \dot on input line 21.
LaTeX Font Info:    Redeclaring math accent \mathring on input line 21.
LaTeX Font Info:    Redeclaring math symbol \colon on input line 21.
LaTeX Font Info:    Redeclaring math symbol \Gamma on input line 21.
LaTeX Font Info:    Redeclaring math symbol \Delta on input line 21.
LaTeX Font Info:    Redeclaring math symbol \Theta on input line 21.
LaTeX Font Info:    Redeclaring math symbol \Lambda on input line 21.
LaTeX Font Info:    Redeclaring math symbol \Xi on input line 21.
LaTeX Font Info:    Redeclaring math symbol \Pi on input line 21.
LaTeX Font Info:    Redeclaring math symbol \Sigma on input line 21.
LaTeX Font Info:    Redeclaring math symbol \Upsilon on input line 21.
LaTeX Font Info:    Redeclaring math symbol \Phi on input line 21.
LaTeX Font Info:    Redeclaring math symbol \Psi on input line 21.
LaTeX Font Info:    Redeclaring math symbol \Omega on input line 21.
LaTeX Font Info:    Redeclaring math symbol \mathdollar on input line 21.
LaTeX Font Info:    Redeclaring symbol font `operators' on input line 21.
LaTeX Font Info:    Encoding `OT1' has changed to `TU' for symbol font
(Font)              `operators' in the math version `normal' on input line 21.
LaTeX Font Info:    Overwriting symbol font `operators' in version `normal'
(Font)                  OT1/cmr/m/n --> TU/lmr/m/n on input line 21.
LaTeX Font Info:    Encoding `OT1' has changed to `TU' for symbol font
(Font)              `operators' in the math version `bold' on input line 21.
LaTeX Font Info:    Overwriting symbol font `operators' in version `bold'
(Font)                  OT1/cmr/bx/n --> TU/lmr/m/n on input line 21.
LaTeX Font Info:    Overwriting symbol font `operators' in version `normal'
(Font)                  TU/lmr/m/n --> TU/lmr/m/n on input line 21.
LaTeX Font Info:    Overwriting math alphabet `\mathit' in version `normal'
(Font)                  OT1/cmr/m/it --> TU/lmr/m/it on input line 21.
LaTeX Font Info:    Overwriting math alphabet `\mathbf' in version `normal'
(Font)                  OT1/cmr/bx/n --> TU/lmr/bx/n on input line 21.
LaTeX Font Info:    Overwriting math alphabet `\mathsf' in version `normal'
(Font)                  OT1/cmss/m/n --> TU/lmss/m/n on input line 21.
LaTeX Font Info:    Overwriting math alphabet `\mathtt' in version `normal'
(Font)                  OT1/cmtt/m/n --> TU/Monaco(0)/m/n on input line 21.
LaTeX Font Info:    Overwriting symbol font `operators' in version `bold'
(Font)                  TU/lmr/m/n --> TU/lmr/bx/n on input line 21.
LaTeX Font Info:    Overwriting math alphabet `\mathit' in version `bold'
(Font)                  OT1/cmr/bx/it --> TU/lmr/bx/it on input line 21.
LaTeX Font Info:    Overwriting math alphabet `\mathsf' in version `bold'
(Font)                  OT1/cmss/bx/n --> TU/lmss/bx/n on input line 21.
LaTeX Font Info:    Overwriting math alphabet `\mathtt' in version `bold'
(Font)                  OT1/cmtt/m/n --> TU/Monaco(0)/bx/n on input line 21.
\c@lstlisting=\count277
LaTeX Font Info:    External font `cmex10' loaded for size
(Font)              <9> on input line 35.
LaTeX Font Info:    External font `cmex10' loaded for size
(Font)              <6> on input line 35.
LaTeX Font Info:    External font `cmex10' loaded for size
(Font)              <5> on input line 35.

Overfull \hbox (22.20374pt too wide) in paragraph at lines 39--41
[][][][][][][][][][][][][][][][][][][][][][][][][][][][][][][][][] 
 []


Overfull \hbox (43.80396pt too wide) in paragraph at lines 46--47
[][][][][][][][][][][][][][][][][][][][][][][][][][] 
 []

[1

]
LaTeX Font Info:    External font `cmex10' loaded for size
(Font)              <7> on input line 68.
 [2]
Overfull \hbox (27.60379pt too wide) in paragraph at lines 103--105
[][][][][][][][][][][][][][][][][][][][][][][][][][][][][][][][][] 
 []


Overfull \hbox (16.80368pt too wide) in paragraph at lines 109--110
[][][][][][][][][][][][][][][][][][][][] 
 []


Overfull \hbox (16.80368pt too wide) in paragraph at lines 110--111
[][][][][][][][][][][][][][][][][][][][] 
 []


Overfull \hbox (16.80368pt too wide) in paragraph at lines 111--112
[][][][][][][][][][][][][][][][][][][][] 
 []


Overfull \hbox (16.80368pt too wide) in paragraph at lines 112--113
[][][][][][][][][][][][][][][][][][][][] 
 []


Overfull \hbox (16.80368pt too wide) in paragraph at lines 113--114
[][][][][][][][][][][][][][][][][][][][] 
 []


Overfull \hbox (16.80368pt too wide) in paragraph at lines 114--115
[][][][][][][][][][][][][][][][][][][][] 
 []


Overfull \hbox (16.80368pt too wide) in paragraph at lines 115--116
[][][][][][][][][][][][][][][][][][][][] 
 []


Overfull \hbox (16.80368pt too wide) in paragraph at lines 116--117
[][][][][][][][][][][][][][][][][][][][] 
 []


Overfull \hbox (16.80368pt too wide) in paragraph at lines 117--118
[][][][][][][][][][][][][][][][][][][][] 
 []


Overfull \hbox (16.80368pt too wide) in paragraph at lines 118--119
[][][][][][][][][][][][][][][][][][][][] 
 []


Overfull \hbox (16.80368pt too wide) in paragraph at lines 119--120
[][][][][][][][][][][][][][][][][][][][] 
 []


Overfull \hbox (16.80368pt too wide) in paragraph at lines 120--121
[][][][][][][][][][][][][][][][][][][][] 
 []


Overfull \hbox (16.80368pt too wide) in paragraph at lines 121--123
[][][][][][][][][][][][][][][][][][][][] 
 []

[3]
Overfull \hbox (22.20374pt too wide) in paragraph at lines 139--141
[][][][][][][][][][][][][][][][][][][][][][][][][][][][][][][][][] 
 []


Overfull \hbox (16.80368pt too wide) in paragraph at lines 160--161
[][][][][][][][][][][][][][][][][][][][] 
 []


Overfull \hbox (16.80368pt too wide) in paragraph at lines 161--162
[][][][][][][][][][][][][][][][][][][][] 
 []


Overfull \hbox (16.80368pt too wide) in paragraph at lines 162--163
[][][][][][][][][][][][][][][][][][][][] 
 []


Overfull \hbox (16.80368pt too wide) in paragraph at lines 163--164
[][][][][][][][][][][][][][][][][][][][] 
 []


Overfull \hbox (16.80368pt too wide) in paragraph at lines 164--165
[][][][][][][][][][][][][][][][][][][][] 
 []


Overfull \hbox (16.80368pt too wide) in paragraph at lines 165--166
[][][][][][][][][][][][][][][][][][][][] 
 []


Overfull \hbox (16.80368pt too wide) in paragraph at lines 166--167
[][][][][][][][][][][][][][][][][][][][] 
 []


Overfull \hbox (16.80368pt too wide) in paragraph at lines 167--168
[][][][][][][][][][][][][][][][][][][][] 
 []


Overfull \hbox (16.80368pt too wide) in paragraph at lines 168--169
[][][][][][][][][][][][][][][][][][][][] 
 []


Overfull \hbox (16.80368pt too wide) in paragraph at lines 169--170
[][][][][][][][][][][][][][][][][][][][] 
 []

[4]
Overfull \hbox (16.80368pt too wide) in paragraph at lines 170--171
[][][][][][][][][][][][][][][][][][][][] 
 []


Overfull \hbox (16.80368pt too wide) in paragraph at lines 171--172
[][][][][][][][][][][][][][][][][][][][] 
 []


Overfull \hbox (16.80368pt too wide) in paragraph at lines 172--173
[][][][][][][][][][][][][][][][][][][][] 
 []


Overfull \hbox (11.40363pt too wide) in paragraph at lines 175--176
[][][][][][][][][][][][][][][][][][][][][] 
 []


Overfull \hbox (11.40363pt too wide) in paragraph at lines 176--177
[][][][][][][][][][][][][][][][][][][][][] 
 []


Overfull \hbox (11.40363pt too wide) in paragraph at lines 177--178
[][][][][][][][][][][][][][][][][][][][][] 
 []


Overfull \hbox (11.40363pt too wide) in paragraph at lines 178--179
[][][][][][][][][][][][][][][][][][][][][] 
 []


Overfull \hbox (11.40363pt too wide) in paragraph at lines 179--180
[][][][][][][][][][][][][][][][][][][][][] 
 []


Overfull \hbox (11.40363pt too wide) in paragraph at lines 180--181
[][][][][][][][][][][][][][][][][][][][][] 
 []


Overfull \hbox (11.40363pt too wide) in paragraph at lines 181--182
[][][][][][][][][][][][][][][][][][][][][] 
 []


Overfull \hbox (11.40363pt too wide) in paragraph at lines 182--183
[][][][][][][][][][][][][][][][][][][][][] 
 []


Overfull \hbox (11.40363pt too wide) in paragraph at lines 183--184
[][][][][][][][][][][][][][][][][][][][][] 
 []


Overfull \hbox (11.40363pt too wide) in paragraph at lines 184--185
[][][][][][][][][][][][][][][][][][][][][] 
 []


Overfull \hbox (11.40363pt too wide) in paragraph at lines 185--186
[][][][][][][][][][][][][][][][][][][][][] 
 []


Overfull \hbox (11.40363pt too wide) in paragraph at lines 186--187
[][][][][][][][][][][][][][][][][][][][][] 
 []


Overfull \hbox (11.40363pt too wide) in paragraph at lines 187--188
[][][][][][][][][][][][][][][][][][][][][] 
 []


Overfull \hbox (6.00357pt too wide) in paragraph at lines 188--190
[][][][][][][][][][][][][][][][][][][] 
 []


Overfull \hbox (0.60352pt too wide) in paragraph at lines 194--195
[][][][][][][][][][][][][][][][][][][][] 
 []


Overfull \hbox (6.00357pt too wide) in paragraph at lines 195--196
[][][][][][][][][][][][][][][][][][][][] 
 []


Overfull \hbox (16.80368pt too wide) in paragraph at lines 198--200
[][][][][][][][][][][][][][][][][][][] 
 []


Overfull \hbox (38.4039pt too wide) in paragraph at lines 200--201
[][][][][][][][][][][][][][][][][][][][][][][][][][] 
 []


Overfull \hbox (38.4039pt too wide) in paragraph at lines 201--202
[][][][][][][][][][][][][][][][][][][][][][][][][][] 
 []


Overfull \hbox (38.4039pt too wide) in paragraph at lines 202--203
[][][][][][][][][][][][][][][][][][][][][][][][][][] 
 []

[5]
Overfull \hbox (38.4039pt too wide) in paragraph at lines 203--204
[][][][][][][][][][][][][][][][][][][][][][][][][][] 
 []


Overfull \hbox (27.60379pt too wide) in paragraph at lines 204--206
[][][][][][][][][][][][][][][][][][][] 
 []


Overfull \hbox (6.00357pt too wide) in paragraph at lines 207--208
[][][][][][][][][][][][][][][][][][][] 
 []


Overfull \hbox (16.80368pt too wide) in paragraph at lines 224--225
[][][][][][][][][][][][][][][][][][][][] 
 []


Overfull \hbox (16.80368pt too wide) in paragraph at lines 225--226
[][][][][][][][][][][][][][][][][][][][] 
 []


Overfull \hbox (16.80368pt too wide) in paragraph at lines 226--227
[][][][][][][][][][][][][][][][][][][][] 
 []


Overfull \hbox (16.80368pt too wide) in paragraph at lines 227--228
[][][][][][][][][][][][][][][][][][][][] 
 []


Overfull \hbox (16.80368pt too wide) in paragraph at lines 228--229
[][][][][][][][][][][][][][][][][][][][] 
 []


Overfull \hbox (16.80368pt too wide) in paragraph at lines 229--230
[][][][][][][][][][][][][][][][][][][][] 
 []


Overfull \hbox (16.80368pt too wide) in paragraph at lines 230--231
[][][][][][][][][][][][][][][][][][][][] 
 []


Overfull \hbox (16.80368pt too wide) in paragraph at lines 231--232
[][][][][][][][][][][][][][][][][][][][] 
 []


Overfull \hbox (16.80368pt too wide) in paragraph at lines 232--233
[][][][][][][][][][][][][][][][][][][][] 
 []


Overfull \hbox (16.80368pt too wide) in paragraph at lines 233--234
[][][][][][][][][][][][][][][][][][][][] 
 []


Overfull \hbox (16.80368pt too wide) in paragraph at lines 234--235
[][][][][][][][][][][][][][][][][][][][] 
 []


Overfull \hbox (16.80368pt too wide) in paragraph at lines 235--236
[][][][][][][][][][][][][][][][][][][][] 
 []


Overfull \hbox (16.80368pt too wide) in paragraph at lines 236--237
[][][][][][][][][][][][][][][][][][][][] 
 []

[6]
Overfull \hbox (16.80368pt too wide) in paragraph at lines 239--240
[][][][][][][][][][][][][][][][][][][][][] 
 []


Overfull \hbox (16.80368pt too wide) in paragraph at lines 240--241
[][][][][][][][][][][][][][][][][][][][][] 
 []


Overfull \hbox (16.80368pt too wide) in paragraph at lines 241--242
[][][][][][][][][][][][][][][][][][][][][] 
 []


Overfull \hbox (16.80368pt too wide) in paragraph at lines 242--243
[][][][][][][][][][][][][][][][][][][][][] 
 []


Overfull \hbox (16.80368pt too wide) in paragraph at lines 243--244
[][][][][][][][][][][][][][][][][][][][][] 
 []


Overfull \hbox (16.80368pt too wide) in paragraph at lines 244--245
[][][][][][][][][][][][][][][][][][][][][] 
 []


Overfull \hbox (16.80368pt too wide) in paragraph at lines 245--246
[][][][][][][][][][][][][][][][][][][][][] 
 []


Overfull \hbox (16.80368pt too wide) in paragraph at lines 246--247
[][][][][][][][][][][][][][][][][][][][][] 
 []


Overfull \hbox (16.80368pt too wide) in paragraph at lines 247--248
[][][][][][][][][][][][][][][][][][][][][] 
 []


Overfull \hbox (16.80368pt too wide) in paragraph at lines 248--249
[][][][][][][][][][][][][][][][][][][][][] 
 []


Overfull \hbox (16.80368pt too wide) in paragraph at lines 249--250
[][][][][][][][][][][][][][][][][][][][][] 
 []


Overfull \hbox (16.80368pt too wide) in paragraph at lines 250--251
[][][][][][][][][][][][][][][][][][][][][] 
 []


Overfull \hbox (16.80368pt too wide) in paragraph at lines 251--252
[][][][][][][][][][][][][][][][][][][][][] 
 []


Overfull \hbox (11.40363pt too wide) in paragraph at lines 255--257
[][][][][][][][][][][][][][][][][][][] 
 []


Overfull \hbox (16.80368pt too wide) in paragraph at lines 267--268
[][][][][][][][][][][][][][][][][][][][] 
 []


Overfull \hbox (16.80368pt too wide) in paragraph at lines 268--269
[][][][][][][][][][][][][][][][][][][][] 
 []


Overfull \hbox (16.80368pt too wide) in paragraph at lines 269--270
[][][][][][][][][][][][][][][][][][][][] 
 []


Overfull \hbox (16.80368pt too wide) in paragraph at lines 270--271
[][][][][][][][][][][][][][][][][][][][] 
 []


Overfull \hbox (16.80368pt too wide) in paragraph at lines 271--272
[][][][][][][][][][][][][][][][][][][][] 
 []


Overfull \hbox (16.80368pt too wide) in paragraph at lines 272--273
[][][][][][][][][][][][][][][][][][][][] 
 []


Overfull \hbox (16.80368pt too wide) in paragraph at lines 273--274
[][][][][][][][][][][][][][][][][][][][] 
 []


Overfull \hbox (16.80368pt too wide) in paragraph at lines 274--275
[][][][][][][][][][][][][][][][][][][][] 
 []

[7]
Overfull \hbox (16.80368pt too wide) in paragraph at lines 275--276
[][][][][][][][][][][][][][][][][][][][] 
 []


Overfull \hbox (16.80368pt too wide) in paragraph at lines 276--277
[][][][][][][][][][][][][][][][][][][][] 
 []


Overfull \hbox (16.80368pt too wide) in paragraph at lines 277--278
[][][][][][][][][][][][][][][][][][][][] 
 []


Overfull \hbox (16.80368pt too wide) in paragraph at lines 278--279
[][][][][][][][][][][][][][][][][][][][] 
 []


Overfull \hbox (16.80368pt too wide) in paragraph at lines 279--280
[][][][][][][][][][][][][][][][][][][][] 
 []


Overfull \hbox (16.80368pt too wide) in paragraph at lines 282--283
[][][][][][][][][][][][][][][][][][][][][] 
 []


Overfull \hbox (16.80368pt too wide) in paragraph at lines 283--284
[][][][][][][][][][][][][][][][][][][][][] 
 []


Overfull \hbox (16.80368pt too wide) in paragraph at lines 284--285
[][][][][][][][][][][][][][][][][][][][][] 
 []


Overfull \hbox (16.80368pt too wide) in paragraph at lines 285--286
[][][][][][][][][][][][][][][][][][][][][] 
 []


Overfull \hbox (16.80368pt too wide) in paragraph at lines 286--287
[][][][][][][][][][][][][][][][][][][][][] 
 []


Overfull \hbox (16.80368pt too wide) in paragraph at lines 287--288
[][][][][][][][][][][][][][][][][][][][][] 
 []


Overfull \hbox (16.80368pt too wide) in paragraph at lines 288--289
[][][][][][][][][][][][][][][][][][][][][] 
 []


Overfull \hbox (16.80368pt too wide) in paragraph at lines 289--290
[][][][][][][][][][][][][][][][][][][][][] 
 []


Overfull \hbox (16.80368pt too wide) in paragraph at lines 290--291
[][][][][][][][][][][][][][][][][][][][][] 
 []


Overfull \hbox (16.80368pt too wide) in paragraph at lines 291--292
[][][][][][][][][][][][][][][][][][][][][] 
 []


Overfull \hbox (16.80368pt too wide) in paragraph at lines 292--293
[][][][][][][][][][][][][][][][][][][][][] 
 []


Overfull \hbox (16.80368pt too wide) in paragraph at lines 293--294
[][][][][][][][][][][][][][][][][][][][][] 
 []


Overfull \hbox (16.80368pt too wide) in paragraph at lines 294--295
[][][][][][][][][][][][][][][][][][][][][] 
 []


Overfull \hbox (6.00357pt too wide) in paragraph at lines 304--305
[][][][][][][][][][][][][][][][][][][][][][][][] 
 []


Overfull \hbox (6.00357pt too wide) in paragraph at lines 305--306
[][][][][][][][][][][][][][][][][][][][][][][][] 
 []


Overfull \hbox (6.00357pt too wide) in paragraph at lines 306--307
[][][][][][][][][][][][][][][][][][][][][][][][] 
 []


Overfull \hbox (6.00357pt too wide) in paragraph at lines 307--308
[][][][][][][][][][][][][][][][][][][][][][][][] 
 []

[8]
Overfull \hbox (6.00357pt too wide) in paragraph at lines 308--309
[][][][][][][][][][][][][][][][][][][][][][][][] 
 []


Overfull \hbox (6.00357pt too wide) in paragraph at lines 309--310
[][][][][][][][][][][][][][][][][][][][][][][][] 
 []


Overfull \hbox (6.00357pt too wide) in paragraph at lines 310--311
[][][][][][][][][][][][][][][][][][][] 
 []

[9] [10] [11] [12] [13] [14] [15] (./assignment1.aux) ) 
Here is how much of TeX's memory you used:
 15056 strings out of 492909
 340666 string characters out of 6132924
 457746 words of memory out of 5000000
 19083 multiletter control sequences out of 15000+600000
 534313 words of font info for 49 fonts, out of 8000000 for 9000
 1348 hyphenation exceptions out of 8191
 44i,5n,67p,446b,1502s stack positions out of 5000i,500n,10000p,200000b,80000s

Output written on assignment1.pdf (15 pages).
