  用于 x64 的 Microsoft (R) C/C++ 优化编译器 19.23.28107 版
  版权所有(C) Microsoft Corporation。保留所有权利。
  cl /c /ZI /JMC /W3 /WX- /diagnostics:column /sdl /Od /D _DEBUG /D _CONSOLE /D _UNICODE /D UNICODE /Gm- /EHsc /RTC1 /MDd /GS /fp:precise /permissive- /Zc:wchar_t /Zc:forScope /Zc:inline /Fo"x64\Debug\\" /Fd"x64\Debug\vc142.pdb" /Gd /TP /FC /errorReport:prompt BomBomb.cpp
  BomBomb.cpp
Z:\文稿\GitHub\2019-2020-autumn-semester\SE-344\submissions\ass3\src\BomBomb\BomBomb\Triangle\Triangle.hpp(33,26): warning C4244: “=”: 从“double”转换到“tinyobj::real_t”，可能丢失数据
Z:\文稿\GitHub\2019-2020-autumn-semester\SE-344\submissions\ass3\src\BomBomb\BomBomb\Triangle\Triangle.hpp(34,26): warning C4244: “=”: 从“double”转换到“tinyobj::real_t”，可能丢失数据
Z:\文稿\GitHub\2019-2020-autumn-semester\SE-344\submissions\ass3\src\BomBomb\BomBomb\BomBomb.cpp(82,17): warning C4244: “=”: 从“double”转换到“tinyobj::real_t”，可能丢失数据
Z:\文稿\GitHub\2019-2020-autumn-semester\SE-344\submissions\ass3\src\BomBomb\BomBomb\BomBomb.cpp(83,17): warning C4244: “=”: 从“double”转换到“tinyobj::real_t”，可能丢失数据
Z:\文稿\GitHub\2019-2020-autumn-semester\SE-344\submissions\ass3\src\BomBomb\BomBomb\BomBomb.cpp(84,17): warning C4244: “=”: 从“double”转换到“tinyobj::real_t”，可能丢失数据
Z:\文稿\GitHub\2019-2020-autumn-semester\SE-344\submissions\ass3\src\BomBomb\BomBomb\BomBomb.cpp(90,17): warning C4244: “=”: 从“double”转换到“tinyobj::real_t”，可能丢失数据
Z:\文稿\GitHub\2019-2020-autumn-semester\SE-344\submissions\ass3\src\BomBomb\BomBomb\BomBomb.cpp(91,17): warning C4244: “=”: 从“double”转换到“tinyobj::real_t”，可能丢失数据
Z:\文稿\GitHub\2019-2020-autumn-semester\SE-344\submissions\ass3\src\BomBomb\BomBomb\BomBomb.cpp(92,17): warning C4244: “=”: 从“double”转换到“tinyobj::real_t”，可能丢失数据
Z:\文稿\GitHub\2019-2020-autumn-semester\SE-344\submissions\ass3\src\BomBomb\BomBomb\BomBomb.cpp(98,17): warning C4244: “=”: 从“double”转换到“tinyobj::real_t”，可能丢失数据
Z:\文稿\GitHub\2019-2020-autumn-semester\SE-344\submissions\ass3\src\BomBomb\BomBomb\BomBomb.cpp(99,17): warning C4244: “=”: 从“double”转换到“tinyobj::real_t”，可能丢失数据
Z:\文稿\GitHub\2019-2020-autumn-semester\SE-344\submissions\ass3\src\BomBomb\BomBomb\BomBomb.cpp(100,17): warning C4244: “=”: 从“double”转换到“tinyobj::real_t”，可能丢失数据
Z:\文稿\GitHub\2019-2020-autumn-semester\SE-344\submissions\ass3\src\BomBomb\BomBomb\BomBomb.cpp(133,12): warning C4244: “参数”: 从“time_t”转换到“unsigned int”，可能丢失数据
Z:\文稿\GitHub\2019-2020-autumn-semester\SE-344\submissions\ass3\src\BomBomb\BomBomb\BomBomb.cpp(178,30): warning C4244: “=”: 从“double”转换到“GLfloat”，可能丢失数据
Z:\文稿\GitHub\2019-2020-autumn-semester\SE-344\submissions\ass3\src\BomBomb\BomBomb\BomBomb.cpp(179,30): warning C4244: “=”: 从“double”转换到“GLfloat”，可能丢失数据
Z:\文稿\GitHub\2019-2020-autumn-semester\SE-344\submissions\ass3\src\BomBomb\BomBomb\BomBomb.cpp(180,30): warning C4244: “=”: 从“double”转换到“GLfloat”，可能丢失数据
Z:\文稿\GitHub\2019-2020-autumn-semester\SE-344\submissions\ass3\src\BomBomb\BomBomb\BomBomb.cpp(206,27): warning C4244: “*=”: 从“double”转换到“tinyobj::real_t”，可能丢失数据
Z:\文稿\GitHub\2019-2020-autumn-semester\SE-344\submissions\ass3\src\BomBomb\BomBomb\BomBomb.cpp(207,27): warning C4244: “*=”: 从“double”转换到“tinyobj::real_t”，可能丢失数据
Z:\文稿\GitHub\2019-2020-autumn-semester\SE-344\submissions\ass3\src\BomBomb\BomBomb\BomBomb.cpp(208,27): warning C4244: “*=”: 从“double”转换到“tinyobj::real_t”，可能丢失数据
Z:\文稿\GitHub\2019-2020-autumn-semester\SE-344\submissions\ass3\src\BomBomb\BomBomb\BomBomb.cpp(217,27): warning C4244: “*=”: 从“double”转换到“tinyobj::real_t”，可能丢失数据
Z:\文稿\GitHub\2019-2020-autumn-semester\SE-344\submissions\ass3\src\BomBomb\BomBomb\BomBomb.cpp(218,27): warning C4244: “*=”: 从“double”转换到“tinyobj::real_t”，可能丢失数据
Z:\文稿\GitHub\2019-2020-autumn-semester\SE-344\submissions\ass3\src\BomBomb\BomBomb\BomBomb.cpp(219,27): warning C4244: “*=”: 从“double”转换到“tinyobj::real_t”，可能丢失数据
Z:\文稿\GitHub\2019-2020-autumn-semester\SE-344\submissions\ass3\src\BomBomb\BomBomb\BomBomb.cpp(228,27): warning C4244: “*=”: 从“double”转换到“tinyobj::real_t”，可能丢失数据
Z:\文稿\GitHub\2019-2020-autumn-semester\SE-344\submissions\ass3\src\BomBomb\BomBomb\BomBomb.cpp(229,27): warning C4244: “*=”: 从“double”转换到“tinyobj::real_t”，可能丢失数据
Z:\文稿\GitHub\2019-2020-autumn-semester\SE-344\submissions\ass3\src\BomBomb\BomBomb\BomBomb.cpp(230,27): warning C4244: “*=”: 从“double”转换到“tinyobj::real_t”，可能丢失数据
  BomBomb.vcxproj -> Z:\文稿\GitHub\2019-2020-autumn-semester\SE-344\submissions\ass3\src\BomBomb\x64\Debug\BomBomb.exe
